<?xml version="1.0" encoding="UTF-8"?>
<!-- Generated by org.testng.reporters.JUnitReportReporter -->
<testsuite hostname="LAPTOP-OGJVBVRE" failures="0" tests="1" name="gitbashcommands.Democlass" time="0.012" errors="0" timestamp="2025-06-02T11:07:52 IST" skipped="0">
  <testcase classname="gitbashcommands.Democlass" name="sample" time="0.012"/>
</testsuite> <!-- gitbashcommands.Democlass -->
